<?xml version="1.0" encoding="UTF-8"?>
<!-- Generated by org.testng.reporters.JUnitReportReporter -->
<testsuite skipped="0" hostname="LAPTOP-6C1CFLE6" name="com.qa.TestCases.HomePageTest" tests="6" failures="0" timestamp="2021-02-17T21:40:51 EST" time="24.079" errors="0">
  <testcase name="verifyHomePageHeader" time="3.070" classname="com.qa.TestCases.HomePageTest"/>
  <system-out/>
  <testcase name="clickCalculatorLink" time="3.563" classname="com.qa.TestCases.HomePageTest"/>
  <system-out/>
  <testcase name="validateNewStudent" time="4.440" classname="com.qa.TestCases.HomePageTest"/>
  <system-out/>
  <testcase name="validateNewStudent" time="4.349" classname="com.qa.TestCases.HomePageTest"/>
  <system-out/>
  <testcase name="validateNewStudent" time="4.393" classname="com.qa.TestCases.HomePageTest"/>
  <system-out/>
  <testcase name="validateNewStudent" time="4.264" classname="com.qa.TestCases.HomePageTest"/>
  <system-out/>
</testsuite> <!-- com.qa.TestCases.HomePageTest -->
