<?xml version="1.0" encoding="UTF-8"?>
<!-- Generated by org.testng.reporters.JUnitReportReporter -->
<testsuite skipped="0" hostname="LAPTOP-6C1CFLE6" name="com.qa.TestCases.LoginTest" tests="2" failures="0" timestamp="2021-02-17T21:40:51 EST" time="7.634" errors="0">
  <testcase name="loginPageTitleTest" time="2.934" classname="com.qa.TestCases.LoginTest"/>
  <system-out/>
  <testcase name="loginToApp" time="4.700" classname="com.qa.TestCases.LoginTest"/>
  <system-out/>
</testsuite> <!-- com.qa.TestCases.LoginTest -->
